Run started: 2026-04-06T21:12:58.102521
============================================================

[attempt2.py] FAILED exit code 1
--- STDOUT ---

--- STDERR ---
Traceback (most recent call last):
  File "/Users/arianaghimire/Documents/GitHub/efe-webscraping/attempt2.py", line 4, in <module>
    import pandas as pd
ModuleNotFoundError: No module named 'pandas'


[scraper.py] FAILED exit code 1
--- STDOUT ---

--- STDERR ---
Traceback (most recent call last):
  File "/Users/arianaghimire/Documents/GitHub/efe-webscraping/scraper.py", line 8, in <module>
    import pandas as pd
ModuleNotFoundError: No module named 'pandas'


[impact_funding_scraper.py] FAILED exit code 1
--- STDOUT ---

--- STDERR ---
Traceback (most recent call last):
  File "/Users/arianaghimire/Documents/GitHub/efe-webscraping/impact_funding_scraper.py", line 8, in <module>
    from selenium import webdriver
ModuleNotFoundError: No module named 'selenium'


[dev_aid_wo_playwright.py] FAILED exit code 1
--- STDOUT ---

--- STDERR ---
Traceback (most recent call last):
  File "/Users/arianaghimire/Documents/GitHub/efe-webscraping/dev_aid_wo_playwright.py", line 2, in <module>
    import pandas as pd
ModuleNotFoundError: No module named 'pandas'


[eu_comm_wo_playwright.py] FAILED exit code 1
--- STDOUT ---

--- STDERR ---
Traceback (most recent call last):
  File "/Users/arianaghimire/Documents/GitHub/efe-webscraping/eu_comm_wo_playwright.py", line 1, in <module>
    from summarizer import generate_sam_summary
  File "/Users/arianaghimire/Documents/GitHub/efe-webscraping/summarizer.py", line 15, in <module>
    from google import genai
ModuleNotFoundError: No module named 'google'


[fundsforngos_webscraper.py] FAILED exit code 1
--- STDOUT ---

--- STDERR ---
Traceback (most recent call last):
  File "/Users/arianaghimire/Documents/GitHub/efe-webscraping/fundsforngos_webscraper.py", line 10, in <module>
    from bs4 import BeautifulSoup
ModuleNotFoundError: No module named 'bs4'


[sam_fast_wo_playwright.py] FAILED exit code 1
--- STDOUT ---

--- STDERR ---
Traceback (most recent call last):
  File "/Users/arianaghimire/Documents/GitHub/efe-webscraping/sam_fast_wo_playwright.py", line 3, in <module>
    from bs4 import BeautifulSoup
ModuleNotFoundError: No module named 'bs4'


SharePoint upload error: RuntimeError('SharePoint upload needs these variables (set in the environment or a .env file): TENANT_ID, CLIENT_ID, CLIENT_SECRET, SITE_ID, EXCEL_FILE, ONEDRIVE_FOLDER')
Traceback (most recent call last):
  File "/Users/arianaghimire/Documents/GitHub/efe-webscraping/main.py", line 50, in <module>
    process_uploads()
    ~~~~~~~~~~~~~~~^^
  File "/Users/arianaghimire/Documents/GitHub/efe-webscraping/upload_to_sharepoint.py", line 200, in process_uploads
    cfg = _sharepoint_env()
  File "/Users/arianaghimire/Documents/GitHub/efe-webscraping/upload_to_sharepoint.py", line 25, in _sharepoint_env
    raise RuntimeError(
    ...<2 lines>...
    )
RuntimeError: SharePoint upload needs these variables (set in the environment or a .env file): TENANT_ID, CLIENT_ID, CLIENT_SECRET, SITE_ID, EXCEL_FILE, ONEDRIVE_FOLDER

